[0.857s] Invoking command in '/home/user/pico_go_project/ros2_ws/src/robots_control': PYTHONPATH=/home/user/pico_go_project/ros2_ws/build/robots_control/prefix_override:/usr/lib/python3/dist-packages/colcon_core/task/python/colcon_distutils_commands:/home/user/pico_go_project/ros2_ws/install/robots_control/lib/python3.10/site-packages:${PYTHONPATH} /usr/bin/python3 -W ignore:setup.py install is deprecated -W ignore:easy_install command is deprecated setup.py egg_info --egg-base ../../build/robots_control build --build-base /home/user/pico_go_project/ros2_ws/build/robots_control/build install --record /home/user/pico_go_project/ros2_ws/build/robots_control/install.log --single-version-externally-managed install_data
[1.149s] running egg_info
[1.152s] writing ../../build/robots_control/robots_control.egg-info/PKG-INFO
[1.152s] writing dependency_links to ../../build/robots_control/robots_control.egg-info/dependency_links.txt
[1.152s] writing entry points to ../../build/robots_control/robots_control.egg-info/entry_points.txt
[1.152s] writing requirements to ../../build/robots_control/robots_control.egg-info/requires.txt
[1.152s] writing top-level names to ../../build/robots_control/robots_control.egg-info/top_level.txt
[1.155s] reading manifest file '../../build/robots_control/robots_control.egg-info/SOURCES.txt'
[1.156s] writing manifest file '../../build/robots_control/robots_control.egg-info/SOURCES.txt'
[1.157s] running build
[1.157s] running build_py
[1.158s] running install
[1.158s] running install_lib
[1.160s] running install_data
[1.160s] running install_egg_info
[1.163s] removing '/home/user/pico_go_project/ros2_ws/install/robots_control/lib/python3.10/site-packages/robots_control-0.0.0-py3.10.egg-info' (and everything under it)
[1.164s] Copying ../../build/robots_control/robots_control.egg-info to /home/user/pico_go_project/ros2_ws/install/robots_control/lib/python3.10/site-packages/robots_control-0.0.0-py3.10.egg-info
[1.165s] running install_scripts
[1.191s] Installing obstacle_monitor script to /home/user/pico_go_project/ros2_ws/install/robots_control/lib/robots_control
[1.192s] writing list of installed files to '/home/user/pico_go_project/ros2_ws/build/robots_control/install.log'
[1.228s] Invoked command in '/home/user/pico_go_project/ros2_ws/src/robots_control' returned '0': PYTHONPATH=/home/user/pico_go_project/ros2_ws/build/robots_control/prefix_override:/usr/lib/python3/dist-packages/colcon_core/task/python/colcon_distutils_commands:/home/user/pico_go_project/ros2_ws/install/robots_control/lib/python3.10/site-packages:${PYTHONPATH} /usr/bin/python3 -W ignore:setup.py install is deprecated -W ignore:easy_install command is deprecated setup.py egg_info --egg-base ../../build/robots_control build --build-base /home/user/pico_go_project/ros2_ws/build/robots_control/build install --record /home/user/pico_go_project/ros2_ws/build/robots_control/install.log --single-version-externally-managed install_data
