[0.544s] Invoking command in '/home/user/pico_go_project/ros_ws/src/motor_controller': PYTHONPATH=/home/user/pico_go_project/ros_ws/build/motor_controller/prefix_override:/usr/lib/python3/dist-packages/colcon_core/task/python/colcon_distutils_commands:/home/user/pico_go_project/ros_ws/install/motor_controller/lib/python3.10/site-packages:${PYTHONPATH} /usr/bin/python3 -W ignore:setup.py install is deprecated -W ignore:easy_install command is deprecated setup.py egg_info --egg-base ../../build/motor_controller build --build-base /home/user/pico_go_project/ros_ws/build/motor_controller/build install --record /home/user/pico_go_project/ros_ws/build/motor_controller/install.log --single-version-externally-managed install_data
[0.742s] running egg_info
[0.743s] writing ../../build/motor_controller/motor_controller.egg-info/PKG-INFO
[0.743s] writing dependency_links to ../../build/motor_controller/motor_controller.egg-info/dependency_links.txt
[0.744s] writing entry points to ../../build/motor_controller/motor_controller.egg-info/entry_points.txt
[0.744s] writing requirements to ../../build/motor_controller/motor_controller.egg-info/requires.txt
[0.745s] writing top-level names to ../../build/motor_controller/motor_controller.egg-info/top_level.txt
[0.746s] reading manifest file '../../build/motor_controller/motor_controller.egg-info/SOURCES.txt'
[0.748s] adding license file 'LICENSE'
[0.748s] writing manifest file '../../build/motor_controller/motor_controller.egg-info/SOURCES.txt'
[0.748s] running build
[0.748s] running build_py
[0.748s] running install
[0.748s] running install_lib
[0.750s] running install_data
[0.750s] running install_egg_info
[0.752s] removing '/home/user/pico_go_project/ros_ws/install/motor_controller/lib/python3.10/site-packages/motor_controller-0.0.0-py3.10.egg-info' (and everything under it)
[0.752s] Copying ../../build/motor_controller/motor_controller.egg-info to /home/user/pico_go_project/ros_ws/install/motor_controller/lib/python3.10/site-packages/motor_controller-0.0.0-py3.10.egg-info
[0.753s] running install_scripts
[0.769s] Installing motor_controller script to /home/user/pico_go_project/ros_ws/install/motor_controller/lib/motor_controller
[0.769s] writing list of installed files to '/home/user/pico_go_project/ros_ws/build/motor_controller/install.log'
[0.787s] Invoked command in '/home/user/pico_go_project/ros_ws/src/motor_controller' returned '0': PYTHONPATH=/home/user/pico_go_project/ros_ws/build/motor_controller/prefix_override:/usr/lib/python3/dist-packages/colcon_core/task/python/colcon_distutils_commands:/home/user/pico_go_project/ros_ws/install/motor_controller/lib/python3.10/site-packages:${PYTHONPATH} /usr/bin/python3 -W ignore:setup.py install is deprecated -W ignore:easy_install command is deprecated setup.py egg_info --egg-base ../../build/motor_controller build --build-base /home/user/pico_go_project/ros_ws/build/motor_controller/build install --record /home/user/pico_go_project/ros_ws/build/motor_controller/install.log --single-version-externally-managed install_data
