[0.675s] Invoking command in '/home/user/pico_go_project/ros2_ws/src/motor_controller': PYTHONPATH=/home/user/pico_go_project/ros2_ws/build/motor_controller/prefix_override:/usr/lib/python3/dist-packages/colcon_core/task/python/colcon_distutils_commands:/home/user/pico_go_project/ros2_ws/install/motor_controller/lib/python3.10/site-packages:${PYTHONPATH} /usr/bin/python3 -W ignore:setup.py install is deprecated -W ignore:easy_install command is deprecated setup.py egg_info --egg-base ../../build/motor_controller build --build-base /home/user/pico_go_project/ros2_ws/build/motor_controller/build install --record /home/user/pico_go_project/ros2_ws/build/motor_controller/install.log --single-version-externally-managed install_data
[0.925s] running egg_info
[0.927s] writing ../../build/motor_controller/motor_controller.egg-info/PKG-INFO
[0.929s] writing dependency_links to ../../build/motor_controller/motor_controller.egg-info/dependency_links.txt
[0.930s] writing entry points to ../../build/motor_controller/motor_controller.egg-info/entry_points.txt
[0.930s] writing requirements to ../../build/motor_controller/motor_controller.egg-info/requires.txt
[0.930s] writing top-level names to ../../build/motor_controller/motor_controller.egg-info/top_level.txt
[0.930s] reading manifest file '../../build/motor_controller/motor_controller.egg-info/SOURCES.txt'
[0.930s] adding license file 'LICENSE'
[0.930s] writing manifest file '../../build/motor_controller/motor_controller.egg-info/SOURCES.txt'
[0.931s] running build
[0.931s] running build_py
[0.931s] copying motor_controller/motor_controller.py -> /home/user/pico_go_project/ros2_ws/build/motor_controller/build/lib/motor_controller
[0.931s] running install
[0.931s] running install_lib
[0.936s] copying /home/user/pico_go_project/ros2_ws/build/motor_controller/build/lib/motor_controller/motor_controller.py -> /home/user/pico_go_project/ros2_ws/install/motor_controller/lib/python3.10/site-packages/motor_controller
[0.937s] byte-compiling /home/user/pico_go_project/ros2_ws/install/motor_controller/lib/python3.10/site-packages/motor_controller/motor_controller.py to motor_controller.cpython-310.pyc
[0.938s] running install_data
[0.939s] running install_egg_info
[0.941s] removing '/home/user/pico_go_project/ros2_ws/install/motor_controller/lib/python3.10/site-packages/motor_controller-0.0.0-py3.10.egg-info' (and everything under it)
[0.941s] Copying ../../build/motor_controller/motor_controller.egg-info to /home/user/pico_go_project/ros2_ws/install/motor_controller/lib/python3.10/site-packages/motor_controller-0.0.0-py3.10.egg-info
[0.943s] running install_scripts
[0.963s] Installing motor_controller script to /home/user/pico_go_project/ros2_ws/install/motor_controller/lib/motor_controller
[0.964s] writing list of installed files to '/home/user/pico_go_project/ros2_ws/build/motor_controller/install.log'
[0.984s] Invoked command in '/home/user/pico_go_project/ros2_ws/src/motor_controller' returned '0': PYTHONPATH=/home/user/pico_go_project/ros2_ws/build/motor_controller/prefix_override:/usr/lib/python3/dist-packages/colcon_core/task/python/colcon_distutils_commands:/home/user/pico_go_project/ros2_ws/install/motor_controller/lib/python3.10/site-packages:${PYTHONPATH} /usr/bin/python3 -W ignore:setup.py install is deprecated -W ignore:easy_install command is deprecated setup.py egg_info --egg-base ../../build/motor_controller build --build-base /home/user/pico_go_project/ros2_ws/build/motor_controller/build install --record /home/user/pico_go_project/ros2_ws/build/motor_controller/install.log --single-version-externally-managed install_data
