[0.659s] Invoking command in '/home/user/pico_go_project/ros2_ws/src/robots_control': PYTHONPATH=/home/user/pico_go_project/ros2_ws/build/robots_control/prefix_override:/usr/lib/python3/dist-packages/colcon_core/task/python/colcon_distutils_commands:/home/user/pico_go_project/ros2_ws/install/robots_control/lib/python3.10/site-packages:${PYTHONPATH} /usr/bin/python3 -W ignore:setup.py install is deprecated -W ignore:easy_install command is deprecated setup.py egg_info --egg-base ../../build/robots_control build --build-base /home/user/pico_go_project/ros2_ws/build/robots_control/build install --record /home/user/pico_go_project/ros2_ws/build/robots_control/install.log --single-version-externally-managed install_data
[0.910s] running egg_info
[0.911s] writing ../../build/robots_control/robots_control.egg-info/PKG-INFO
[0.912s] writing dependency_links to ../../build/robots_control/robots_control.egg-info/dependency_links.txt
[0.912s] writing entry points to ../../build/robots_control/robots_control.egg-info/entry_points.txt
[0.913s] writing requirements to ../../build/robots_control/robots_control.egg-info/requires.txt
[0.913s] writing top-level names to ../../build/robots_control/robots_control.egg-info/top_level.txt
[0.915s] reading manifest file '../../build/robots_control/robots_control.egg-info/SOURCES.txt'
[0.916s] writing manifest file '../../build/robots_control/robots_control.egg-info/SOURCES.txt'
[0.916s] running build
[0.916s] running build_py
[0.917s] copying robots_control/obstacle_monitor.py -> /home/user/pico_go_project/ros2_ws/build/robots_control/build/lib/robots_control
[0.917s] running install
[0.917s] running install_lib
[0.918s] copying /home/user/pico_go_project/ros2_ws/build/robots_control/build/lib/robots_control/obstacle_monitor.py -> /home/user/pico_go_project/ros2_ws/install/robots_control/lib/python3.10/site-packages/robots_control
[0.920s] byte-compiling /home/user/pico_go_project/ros2_ws/install/robots_control/lib/python3.10/site-packages/robots_control/obstacle_monitor.py to obstacle_monitor.cpython-310.pyc
[0.921s] running install_data
[0.921s] running install_egg_info
[0.923s] removing '/home/user/pico_go_project/ros2_ws/install/robots_control/lib/python3.10/site-packages/robots_control-0.0.0-py3.10.egg-info' (and everything under it)
[0.924s] Copying ../../build/robots_control/robots_control.egg-info to /home/user/pico_go_project/ros2_ws/install/robots_control/lib/python3.10/site-packages/robots_control-0.0.0-py3.10.egg-info
[0.926s] running install_scripts
[0.960s] Installing obstacle_monitor script to /home/user/pico_go_project/ros2_ws/install/robots_control/lib/robots_control
[0.961s] writing list of installed files to '/home/user/pico_go_project/ros2_ws/build/robots_control/install.log'
[0.985s] Invoked command in '/home/user/pico_go_project/ros2_ws/src/robots_control' returned '0': PYTHONPATH=/home/user/pico_go_project/ros2_ws/build/robots_control/prefix_override:/usr/lib/python3/dist-packages/colcon_core/task/python/colcon_distutils_commands:/home/user/pico_go_project/ros2_ws/install/robots_control/lib/python3.10/site-packages:${PYTHONPATH} /usr/bin/python3 -W ignore:setup.py install is deprecated -W ignore:easy_install command is deprecated setup.py egg_info --egg-base ../../build/robots_control build --build-base /home/user/pico_go_project/ros2_ws/build/robots_control/build install --record /home/user/pico_go_project/ros2_ws/build/robots_control/install.log --single-version-externally-managed install_data
