[0.193s] DEBUG:colcon:Command line arguments: ['/usr/bin/colcon', 'build']
[0.193s] DEBUG:colcon:Parsed command line arguments: Namespace(log_base=None, log_level=None, verb_name='build', build_base='build', install_base='install', merge_install=False, symlink_install=False, test_result_base=None, continue_on_error=False, executor='parallel', parallel_workers=16, event_handlers=None, ignore_user_meta=False, metas=['./colcon.meta'], base_paths=['.'], packages_ignore=None, packages_ignore_regex=None, paths=None, packages_up_to=None, packages_up_to_regex=None, packages_above=None, packages_above_and_dependencies=None, packages_above_depth=None, packages_select_by_dep=None, packages_skip_by_dep=None, packages_skip_up_to=None, packages_select_build_failed=False, packages_skip_build_finished=False, packages_select_test_failures=False, packages_skip_test_passed=False, packages_select=None, packages_skip=None, packages_select_regex=None, packages_skip_regex=None, packages_start=None, packages_end=None, allow_overriding=[], cmake_args=None, cmake_target=None, cmake_target_skip_unavailable=False, cmake_clean_cache=False, cmake_clean_first=False, cmake_force_configure=False, ament_cmake_args=None, catkin_cmake_args=None, catkin_skip_building_tests=False, mixin_files=None, mixin=None, verb_parser=<colcon_mixin.mixin.mixin_argument.MixinArgumentDecorator object at 0x7b1717c65660>, verb_extension=<colcon_core.verb.build.BuildVerb object at 0x7b1717c65090>, main=<bound method BuildVerb.main of <colcon_core.verb.build.BuildVerb object at 0x7b1717c65090>>, mixin_verb=('build',))
[0.496s] Level 1:colcon.colcon_core.package_discovery:discover_packages(colcon_meta) check parameters
[0.496s] Level 1:colcon.colcon_core.package_discovery:discover_packages(recursive) check parameters
[0.496s] Level 1:colcon.colcon_core.package_discovery:discover_packages(ignore) check parameters
[0.496s] Level 1:colcon.colcon_core.package_discovery:discover_packages(path) check parameters
[0.496s] Level 1:colcon.colcon_core.package_discovery:discover_packages(colcon_meta) discover
[0.496s] Level 1:colcon.colcon_core.package_discovery:discover_packages(recursive) discover
[0.496s] INFO:colcon.colcon_core.package_discovery:Crawling recursively for packages in '/home/user/pico_go_project/ros2_ws'
[0.496s] Level 1:colcon.colcon_core.package_identification:_identify(.) by extensions ['ignore', 'ignore_ament_install']
[0.496s] Level 1:colcon.colcon_core.package_identification:_identify(.) by extension 'ignore'
[0.496s] Level 1:colcon.colcon_core.package_identification:_identify(.) by extension 'ignore_ament_install'
[0.497s] Level 1:colcon.colcon_core.package_identification:_identify(.) by extensions ['colcon_pkg']
[0.497s] Level 1:colcon.colcon_core.package_identification:_identify(.) by extension 'colcon_pkg'
[0.497s] Level 1:colcon.colcon_core.package_identification:_identify(.) by extensions ['colcon_meta']
[0.497s] Level 1:colcon.colcon_core.package_identification:_identify(.) by extension 'colcon_meta'
[0.497s] Level 1:colcon.colcon_core.package_identification:_identify(.) by extensions ['ros']
[0.497s] Level 1:colcon.colcon_core.package_identification:_identify(.) by extension 'ros'
[0.511s] Level 1:colcon.colcon_core.package_identification:_identify(.) by extensions ['cmake', 'python']
[0.512s] Level 1:colcon.colcon_core.package_identification:_identify(.) by extension 'cmake'
[0.512s] Level 1:colcon.colcon_core.package_identification:_identify(.) by extension 'python'
[0.512s] Level 1:colcon.colcon_core.package_identification:_identify(.) by extensions ['python_setup_py']
[0.512s] Level 1:colcon.colcon_core.package_identification:_identify(.) by extension 'python_setup_py'
[0.512s] Level 1:colcon.colcon_core.package_identification:_identify(build) by extensions ['ignore', 'ignore_ament_install']
[0.512s] Level 1:colcon.colcon_core.package_identification:_identify(build) by extension 'ignore'
[0.512s] Level 1:colcon.colcon_core.package_identification:_identify(build) ignored
[0.512s] Level 1:colcon.colcon_core.package_identification:_identify(install) by extensions ['ignore', 'ignore_ament_install']
[0.512s] Level 1:colcon.colcon_core.package_identification:_identify(install) by extension 'ignore'
[0.512s] Level 1:colcon.colcon_core.package_identification:_identify(install) ignored
[0.513s] Level 1:colcon.colcon_core.package_identification:_identify(log) by extensions ['ignore', 'ignore_ament_install']
[0.513s] Level 1:colcon.colcon_core.package_identification:_identify(log) by extension 'ignore'
[0.513s] Level 1:colcon.colcon_core.package_identification:_identify(log) ignored
[0.513s] Level 1:colcon.colcon_core.package_identification:_identify(src) by extensions ['ignore', 'ignore_ament_install']
[0.513s] Level 1:colcon.colcon_core.package_identification:_identify(src) by extension 'ignore'
[0.513s] Level 1:colcon.colcon_core.package_identification:_identify(src) by extension 'ignore_ament_install'
[0.513s] Level 1:colcon.colcon_core.package_identification:_identify(src) by extensions ['colcon_pkg']
[0.513s] Level 1:colcon.colcon_core.package_identification:_identify(src) by extension 'colcon_pkg'
[0.513s] Level 1:colcon.colcon_core.package_identification:_identify(src) by extensions ['colcon_meta']
[0.513s] Level 1:colcon.colcon_core.package_identification:_identify(src) by extension 'colcon_meta'
[0.513s] Level 1:colcon.colcon_core.package_identification:_identify(src) by extensions ['ros']
[0.513s] Level 1:colcon.colcon_core.package_identification:_identify(src) by extension 'ros'
[0.513s] Level 1:colcon.colcon_core.package_identification:_identify(src) by extensions ['cmake', 'python']
[0.513s] Level 1:colcon.colcon_core.package_identification:_identify(src) by extension 'cmake'
[0.513s] Level 1:colcon.colcon_core.package_identification:_identify(src) by extension 'python'
[0.513s] Level 1:colcon.colcon_core.package_identification:_identify(src) by extensions ['python_setup_py']
[0.514s] Level 1:colcon.colcon_core.package_identification:_identify(src) by extension 'python_setup_py'
[0.514s] Level 1:colcon.colcon_core.package_identification:_identify(src/robots_control) by extensions ['ignore', 'ignore_ament_install']
[0.514s] Level 1:colcon.colcon_core.package_identification:_identify(src/robots_control) by extension 'ignore'
[0.514s] Level 1:colcon.colcon_core.package_identification:_identify(src/robots_control) by extension 'ignore_ament_install'
[0.514s] Level 1:colcon.colcon_core.package_identification:_identify(src/robots_control) by extensions ['colcon_pkg']
[0.514s] Level 1:colcon.colcon_core.package_identification:_identify(src/robots_control) by extension 'colcon_pkg'
[0.514s] Level 1:colcon.colcon_core.package_identification:_identify(src/robots_control) by extensions ['colcon_meta']
[0.514s] Level 1:colcon.colcon_core.package_identification:_identify(src/robots_control) by extension 'colcon_meta'
[0.514s] Level 1:colcon.colcon_core.package_identification:_identify(src/robots_control) by extensions ['ros']
[0.514s] Level 1:colcon.colcon_core.package_identification:_identify(src/robots_control) by extension 'ros'
[0.518s] DEBUG:colcon.colcon_core.package_identification:Package 'src/robots_control' with type 'ros.ament_python' and name 'robots_control'
[0.518s] Level 1:colcon.colcon_core.package_discovery:discover_packages(recursive) using defaults
[0.518s] Level 1:colcon.colcon_core.package_discovery:discover_packages(ignore) discover
[0.518s] Level 1:colcon.colcon_core.package_discovery:discover_packages(ignore) using defaults
[0.518s] Level 1:colcon.colcon_core.package_discovery:discover_packages(path) discover
[0.518s] Level 1:colcon.colcon_core.package_discovery:discover_packages(path) using defaults
[0.558s] Level 1:colcon.colcon_core.package_discovery:discover_packages(prefix_path) check parameters
[0.558s] Level 1:colcon.colcon_core.package_discovery:discover_packages(prefix_path) discover
[0.564s] DEBUG:colcon.colcon_installed_package_information.package_discovery:Found 271 installed packages in /opt/ros/humble
[0.565s] Level 1:colcon.colcon_core.package_discovery:discover_packages(prefix_path) using defaults
[0.599s] Level 5:colcon.colcon_core.verb:set package 'robots_control' build argument 'cmake_args' from command line to 'None'
[0.599s] Level 5:colcon.colcon_core.verb:set package 'robots_control' build argument 'cmake_target' from command line to 'None'
[0.599s] Level 5:colcon.colcon_core.verb:set package 'robots_control' build argument 'cmake_target_skip_unavailable' from command line to 'False'
[0.599s] Level 5:colcon.colcon_core.verb:set package 'robots_control' build argument 'cmake_clean_cache' from command line to 'False'
[0.599s] Level 5:colcon.colcon_core.verb:set package 'robots_control' build argument 'cmake_clean_first' from command line to 'False'
[0.599s] Level 5:colcon.colcon_core.verb:set package 'robots_control' build argument 'cmake_force_configure' from command line to 'False'
[0.599s] Level 5:colcon.colcon_core.verb:set package 'robots_control' build argument 'ament_cmake_args' from command line to 'None'
[0.599s] Level 5:colcon.colcon_core.verb:set package 'robots_control' build argument 'catkin_cmake_args' from command line to 'None'
[0.599s] Level 5:colcon.colcon_core.verb:set package 'robots_control' build argument 'catkin_skip_building_tests' from command line to 'False'
[0.599s] DEBUG:colcon.colcon_core.verb:Building package 'robots_control' with the following arguments: {'ament_cmake_args': None, 'build_base': '/home/user/pico_go_project/ros2_ws/build/robots_control', 'catkin_cmake_args': None, 'catkin_skip_building_tests': False, 'cmake_args': None, 'cmake_clean_cache': False, 'cmake_clean_first': False, 'cmake_force_configure': False, 'cmake_target': None, 'cmake_target_skip_unavailable': False, 'install_base': '/home/user/pico_go_project/ros2_ws/install/robots_control', 'merge_install': False, 'path': '/home/user/pico_go_project/ros2_ws/src/robots_control', 'symlink_install': False, 'test_result_base': None}
[0.599s] INFO:colcon.colcon_core.executor:Executing jobs using 'parallel' executor
[0.601s] DEBUG:colcon.colcon_parallel_executor.executor.parallel:run_until_complete
[0.601s] INFO:colcon.colcon_ros.task.ament_python.build:Building ROS package in '/home/user/pico_go_project/ros2_ws/src/robots_control' with build type 'ament_python'
[0.602s] Level 1:colcon.colcon_core.shell:create_environment_hook('robots_control', 'ament_prefix_path')
[0.614s] INFO:colcon.colcon_core.plugin_system:Skipping extension 'colcon_core.shell.bat': Not used on non-Windows systems
[0.614s] INFO:colcon.colcon_core.shell:Creating environment hook '/home/user/pico_go_project/ros2_ws/install/robots_control/share/robots_control/hook/ament_prefix_path.ps1'
[0.617s] INFO:colcon.colcon_core.shell:Creating environment descriptor '/home/user/pico_go_project/ros2_ws/install/robots_control/share/robots_control/hook/ament_prefix_path.dsv'
[0.619s] INFO:colcon.colcon_core.shell:Creating environment hook '/home/user/pico_go_project/ros2_ws/install/robots_control/share/robots_control/hook/ament_prefix_path.sh'
[0.621s] INFO:colcon.colcon_core.shell:Skip shell extension 'powershell' for command environment: Not usable outside of PowerShell
[0.621s] DEBUG:colcon.colcon_core.shell:Skip shell extension 'dsv' for command environment
[0.915s] INFO:colcon.colcon_core.task.python.build:Building Python package in '/home/user/pico_go_project/ros2_ws/src/robots_control'
[0.915s] INFO:colcon.colcon_core.shell:Skip shell extension 'powershell' for command environment: Not usable outside of PowerShell
[0.915s] DEBUG:colcon.colcon_core.shell:Skip shell extension 'dsv' for command environment
[1.423s] DEBUG:colcon.colcon_core.event_handler.log_command:Invoking command in '/home/user/pico_go_project/ros2_ws/build/robots_control': PYTHONPATH=/home/user/pico_go_project/ros2_ws/build/robots_control/prefix_override:/usr/lib/python3/dist-packages/colcon_core/task/python/colcon_distutils_commands:/home/user/pico_go_project/ros2_ws/install/robots_control/lib/python3.10/site-packages:${PYTHONPATH} /usr/bin/python3 -W ignore:setup.py install is deprecated -W ignore:easy_install command is deprecated setup.py develop --uninstall --editable --build-directory /home/user/pico_go_project/ros2_ws/build/robots_control/build
[1.949s] DEBUG:colcon.colcon_core.event_handler.log_command:Invoked command in '/home/user/pico_go_project/ros2_ws/build/robots_control' returned '0': PYTHONPATH=/home/user/pico_go_project/ros2_ws/build/robots_control/prefix_override:/usr/lib/python3/dist-packages/colcon_core/task/python/colcon_distutils_commands:/home/user/pico_go_project/ros2_ws/install/robots_control/lib/python3.10/site-packages:${PYTHONPATH} /usr/bin/python3 -W ignore:setup.py install is deprecated -W ignore:easy_install command is deprecated setup.py develop --uninstall --editable --build-directory /home/user/pico_go_project/ros2_ws/build/robots_control/build
[1.952s] DEBUG:colcon.colcon_core.event_handler.log_command:Invoking command in '/home/user/pico_go_project/ros2_ws/src/robots_control': PYTHONPATH=/home/user/pico_go_project/ros2_ws/build/robots_control/prefix_override:/usr/lib/python3/dist-packages/colcon_core/task/python/colcon_distutils_commands:/home/user/pico_go_project/ros2_ws/install/robots_control/lib/python3.10/site-packages:${PYTHONPATH} /usr/bin/python3 -W ignore:setup.py install is deprecated -W ignore:easy_install command is deprecated setup.py egg_info --egg-base ../../build/robots_control build --build-base /home/user/pico_go_project/ros2_ws/build/robots_control/build install --record /home/user/pico_go_project/ros2_ws/build/robots_control/install.log --single-version-externally-managed install_data --force
[2.275s] DEBUG:colcon.colcon_core.event_handler.log_command:Invoked command in '/home/user/pico_go_project/ros2_ws/src/robots_control' returned '0': PYTHONPATH=/home/user/pico_go_project/ros2_ws/build/robots_control/prefix_override:/usr/lib/python3/dist-packages/colcon_core/task/python/colcon_distutils_commands:/home/user/pico_go_project/ros2_ws/install/robots_control/lib/python3.10/site-packages:${PYTHONPATH} /usr/bin/python3 -W ignore:setup.py install is deprecated -W ignore:easy_install command is deprecated setup.py egg_info --egg-base ../../build/robots_control build --build-base /home/user/pico_go_project/ros2_ws/build/robots_control/build install --record /home/user/pico_go_project/ros2_ws/build/robots_control/install.log --single-version-externally-managed install_data --force
[2.286s] Level 1:colcon.colcon_core.environment:checking '/home/user/pico_go_project/ros2_ws/install/robots_control' for CMake module files
[2.286s] Level 1:colcon.colcon_core.environment:checking '/home/user/pico_go_project/ros2_ws/install/robots_control' for CMake config files
[2.287s] Level 1:colcon.colcon_core.environment:checking '/home/user/pico_go_project/ros2_ws/install/robots_control/lib'
[2.287s] Level 1:colcon.colcon_core.environment:checking '/home/user/pico_go_project/ros2_ws/install/robots_control/bin'
[2.287s] Level 1:colcon.colcon_core.environment:checking '/home/user/pico_go_project/ros2_ws/install/robots_control/lib/pkgconfig/robots_control.pc'
[2.287s] Level 1:colcon.colcon_core.environment:checking '/home/user/pico_go_project/ros2_ws/install/robots_control/lib/python3.10/site-packages'
[2.287s] Level 1:colcon.colcon_core.shell:create_environment_hook('robots_control', 'pythonpath')
[2.288s] INFO:colcon.colcon_core.shell:Creating environment hook '/home/user/pico_go_project/ros2_ws/install/robots_control/share/robots_control/hook/pythonpath.ps1'
[2.288s] INFO:colcon.colcon_core.shell:Creating environment descriptor '/home/user/pico_go_project/ros2_ws/install/robots_control/share/robots_control/hook/pythonpath.dsv'
[2.289s] INFO:colcon.colcon_core.shell:Creating environment hook '/home/user/pico_go_project/ros2_ws/install/robots_control/share/robots_control/hook/pythonpath.sh'
[2.290s] Level 1:colcon.colcon_core.environment:checking '/home/user/pico_go_project/ros2_ws/install/robots_control/bin'
[2.290s] Level 1:colcon.colcon_core.environment:create_environment_scripts_only(robots_control)
[2.290s] INFO:colcon.colcon_core.shell:Creating package script '/home/user/pico_go_project/ros2_ws/install/robots_control/share/robots_control/package.ps1'
[2.292s] INFO:colcon.colcon_core.shell:Creating package descriptor '/home/user/pico_go_project/ros2_ws/install/robots_control/share/robots_control/package.dsv'
[2.293s] INFO:colcon.colcon_core.shell:Creating package script '/home/user/pico_go_project/ros2_ws/install/robots_control/share/robots_control/package.sh'
[2.294s] INFO:colcon.colcon_core.shell:Creating package script '/home/user/pico_go_project/ros2_ws/install/robots_control/share/robots_control/package.bash'
[2.296s] INFO:colcon.colcon_core.shell:Creating package script '/home/user/pico_go_project/ros2_ws/install/robots_control/share/robots_control/package.zsh'
[2.297s] Level 1:colcon.colcon_core.environment:create_file_with_runtime_dependencies(/home/user/pico_go_project/ros2_ws/install/robots_control/share/colcon-core/packages/robots_control)
[2.297s] DEBUG:colcon.colcon_parallel_executor.executor.parallel:closing loop
[2.298s] DEBUG:colcon.colcon_parallel_executor.executor.parallel:loop closed
[2.298s] DEBUG:colcon.colcon_parallel_executor.executor.parallel:run_until_complete finished with '0'
[2.298s] DEBUG:colcon.colcon_core.event_reactor:joining thread
[2.311s] INFO:colcon.colcon_core.plugin_system:Skipping extension 'colcon_notification.desktop_notification.terminal_notifier': Not used on non-Darwin systems
[2.311s] INFO:colcon.colcon_core.plugin_system:Skipping extension 'colcon_notification.desktop_notification.win32': Not used on non-Windows systems
[2.311s] INFO:colcon.colcon_notification.desktop_notification:Sending desktop notification using 'notify2'
[2.413s] DEBUG:colcon.colcon_core.event_reactor:joined thread
[2.414s] INFO:colcon.colcon_core.shell:Creating prefix script '/home/user/pico_go_project/ros2_ws/install/local_setup.ps1'
[2.416s] INFO:colcon.colcon_core.shell:Creating prefix util module '/home/user/pico_go_project/ros2_ws/install/_local_setup_util_ps1.py'
[2.418s] INFO:colcon.colcon_core.shell:Creating prefix chain script '/home/user/pico_go_project/ros2_ws/install/setup.ps1'
[2.421s] INFO:colcon.colcon_core.shell:Creating prefix script '/home/user/pico_go_project/ros2_ws/install/local_setup.sh'
[2.422s] INFO:colcon.colcon_core.shell:Creating prefix util module '/home/user/pico_go_project/ros2_ws/install/_local_setup_util_sh.py'
[2.423s] INFO:colcon.colcon_core.shell:Creating prefix chain script '/home/user/pico_go_project/ros2_ws/install/setup.sh'
[2.425s] INFO:colcon.colcon_core.shell:Creating prefix script '/home/user/pico_go_project/ros2_ws/install/local_setup.bash'
[2.427s] INFO:colcon.colcon_core.shell:Creating prefix chain script '/home/user/pico_go_project/ros2_ws/install/setup.bash'
[2.429s] INFO:colcon.colcon_core.shell:Creating prefix script '/home/user/pico_go_project/ros2_ws/install/local_setup.zsh'
[2.430s] INFO:colcon.colcon_core.shell:Creating prefix chain script '/home/user/pico_go_project/ros2_ws/install/setup.zsh'
