running egg_info
creating ../../build/motor_controller/motor_controller.egg-info
writing ../../build/motor_controller/motor_controller.egg-info/PKG-INFO
writing dependency_links to ../../build/motor_controller/motor_controller.egg-info/dependency_links.txt
writing entry points to ../../build/motor_controller/motor_controller.egg-info/entry_points.txt
writing requirements to ../../build/motor_controller/motor_controller.egg-info/requires.txt
writing top-level names to ../../build/motor_controller/motor_controller.egg-info/top_level.txt
writing manifest file '../../build/motor_controller/motor_controller.egg-info/SOURCES.txt'
reading manifest file '../../build/motor_controller/motor_controller.egg-info/SOURCES.txt'
adding license file 'LICENSE'
writing manifest file '../../build/motor_controller/motor_controller.egg-info/SOURCES.txt'
running build
running build_py
creating /home/user/pico_test/ros_ws/build/motor_controller/build
creating /home/user/pico_test/ros_ws/build/motor_controller/build/lib
creating /home/user/pico_test/ros_ws/build/motor_controller/build/lib/motor_controller
copying motor_controller/motor_controller.py -> /home/user/pico_test/ros_ws/build/motor_controller/build/lib/motor_controller
copying motor_controller/__init__.py -> /home/user/pico_test/ros_ws/build/motor_controller/build/lib/motor_controller
running install
running install_lib
creating /home/user/pico_test/ros_ws/install/motor_controller/lib/python3.10/site-packages/motor_controller
copying /home/user/pico_test/ros_ws/build/motor_controller/build/lib/motor_controller/motor_controller.py -> /home/user/pico_test/ros_ws/install/motor_controller/lib/python3.10/site-packages/motor_controller
copying /home/user/pico_test/ros_ws/build/motor_controller/build/lib/motor_controller/__init__.py -> /home/user/pico_test/ros_ws/install/motor_controller/lib/python3.10/site-packages/motor_controller
byte-compiling /home/user/pico_test/ros_ws/install/motor_controller/lib/python3.10/site-packages/motor_controller/motor_controller.py to motor_controller.cpython-310.pyc
byte-compiling /home/user/pico_test/ros_ws/install/motor_controller/lib/python3.10/site-packages/motor_controller/__init__.py to __init__.cpython-310.pyc
running install_data
creating /home/user/pico_test/ros_ws/install/motor_controller/share/ament_index
creating /home/user/pico_test/ros_ws/install/motor_controller/share/ament_index/resource_index
creating /home/user/pico_test/ros_ws/install/motor_controller/share/ament_index/resource_index/packages
copying resource/motor_controller -> /home/user/pico_test/ros_ws/install/motor_controller/share/ament_index/resource_index/packages
copying package.xml -> /home/user/pico_test/ros_ws/install/motor_controller/share/motor_controller
running install_egg_info
Copying ../../build/motor_controller/motor_controller.egg-info to /home/user/pico_test/ros_ws/install/motor_controller/lib/python3.10/site-packages/motor_controller-0.0.0-py3.10.egg-info
running install_scripts
Installing motor_controller script to /home/user/pico_test/ros_ws/install/motor_controller/lib/motor_controller
writing list of installed files to '/home/user/pico_test/ros_ws/build/motor_controller/install.log'
