[0.606s] Invoking command in '/home/user/pico_test/ros_ws/src/motor_controller': PYTHONPATH=/home/user/pico_test/ros_ws/build/motor_controller/prefix_override:/usr/lib/python3/dist-packages/colcon_core/task/python/colcon_distutils_commands:/home/user/pico_test/ros_ws/install/motor_controller/lib/python3.10/site-packages:${PYTHONPATH} /usr/bin/python3 -W ignore:setup.py install is deprecated -W ignore:easy_install command is deprecated setup.py egg_info --egg-base ../../build/motor_controller build --build-base /home/user/pico_test/ros_ws/build/motor_controller/build install --record /home/user/pico_test/ros_ws/build/motor_controller/install.log --single-version-externally-managed install_data
[0.816s] running egg_info
[0.816s] creating ../../build/motor_controller/motor_controller.egg-info
[0.816s] writing ../../build/motor_controller/motor_controller.egg-info/PKG-INFO
[0.816s] writing dependency_links to ../../build/motor_controller/motor_controller.egg-info/dependency_links.txt
[0.816s] writing entry points to ../../build/motor_controller/motor_controller.egg-info/entry_points.txt
[0.817s] writing requirements to ../../build/motor_controller/motor_controller.egg-info/requires.txt
[0.817s] writing top-level names to ../../build/motor_controller/motor_controller.egg-info/top_level.txt
[0.817s] writing manifest file '../../build/motor_controller/motor_controller.egg-info/SOURCES.txt'
[0.819s] reading manifest file '../../build/motor_controller/motor_controller.egg-info/SOURCES.txt'
[0.819s] adding license file 'LICENSE'
[0.819s] writing manifest file '../../build/motor_controller/motor_controller.egg-info/SOURCES.txt'
[0.819s] running build
[0.819s] running build_py
[0.819s] creating /home/user/pico_test/ros_ws/build/motor_controller/build
[0.820s] creating /home/user/pico_test/ros_ws/build/motor_controller/build/lib
[0.820s] creating /home/user/pico_test/ros_ws/build/motor_controller/build/lib/motor_controller
[0.820s] copying motor_controller/motor_controller.py -> /home/user/pico_test/ros_ws/build/motor_controller/build/lib/motor_controller
[0.820s] copying motor_controller/__init__.py -> /home/user/pico_test/ros_ws/build/motor_controller/build/lib/motor_controller
[0.820s] running install
[0.820s] running install_lib
[0.823s] creating /home/user/pico_test/ros_ws/install/motor_controller/lib/python3.10/site-packages/motor_controller
[0.823s] copying /home/user/pico_test/ros_ws/build/motor_controller/build/lib/motor_controller/motor_controller.py -> /home/user/pico_test/ros_ws/install/motor_controller/lib/python3.10/site-packages/motor_controller
[0.823s] copying /home/user/pico_test/ros_ws/build/motor_controller/build/lib/motor_controller/__init__.py -> /home/user/pico_test/ros_ws/install/motor_controller/lib/python3.10/site-packages/motor_controller
[0.823s] byte-compiling /home/user/pico_test/ros_ws/install/motor_controller/lib/python3.10/site-packages/motor_controller/motor_controller.py to motor_controller.cpython-310.pyc
[0.823s] byte-compiling /home/user/pico_test/ros_ws/install/motor_controller/lib/python3.10/site-packages/motor_controller/__init__.py to __init__.cpython-310.pyc
[0.823s] running install_data
[0.823s] creating /home/user/pico_test/ros_ws/install/motor_controller/share/ament_index
[0.823s] creating /home/user/pico_test/ros_ws/install/motor_controller/share/ament_index/resource_index
[0.823s] creating /home/user/pico_test/ros_ws/install/motor_controller/share/ament_index/resource_index/packages
[0.823s] copying resource/motor_controller -> /home/user/pico_test/ros_ws/install/motor_controller/share/ament_index/resource_index/packages
[0.823s] copying package.xml -> /home/user/pico_test/ros_ws/install/motor_controller/share/motor_controller
[0.823s] running install_egg_info
[0.824s] Copying ../../build/motor_controller/motor_controller.egg-info to /home/user/pico_test/ros_ws/install/motor_controller/lib/python3.10/site-packages/motor_controller-0.0.0-py3.10.egg-info
[0.825s] running install_scripts
[0.844s] Installing motor_controller script to /home/user/pico_test/ros_ws/install/motor_controller/lib/motor_controller
[0.844s] writing list of installed files to '/home/user/pico_test/ros_ws/build/motor_controller/install.log'
[0.865s] Invoked command in '/home/user/pico_test/ros_ws/src/motor_controller' returned '0': PYTHONPATH=/home/user/pico_test/ros_ws/build/motor_controller/prefix_override:/usr/lib/python3/dist-packages/colcon_core/task/python/colcon_distutils_commands:/home/user/pico_test/ros_ws/install/motor_controller/lib/python3.10/site-packages:${PYTHONPATH} /usr/bin/python3 -W ignore:setup.py install is deprecated -W ignore:easy_install command is deprecated setup.py egg_info --egg-base ../../build/motor_controller build --build-base /home/user/pico_test/ros_ws/build/motor_controller/build install --record /home/user/pico_test/ros_ws/build/motor_controller/install.log --single-version-externally-managed install_data
