[0.677s] Invoking command in '/home/user/pico_go_project/ros2_ws/src/robots_control/build/robots_control': PYTHONPATH=/home/user/pico_go_project/ros2_ws/src/robots_control/build/robots_control/prefix_override:/usr/lib/python3/dist-packages/colcon_core/task/python/colcon_distutils_commands:/home/user/pico_go_project/ros2_ws/src/robots_control/install/robots_control/lib/python3.10/site-packages:${PYTHONPATH} /usr/bin/python3 -W ignore:setup.py install is deprecated -W ignore:easy_install command is deprecated setup.py develop --editable --build-directory /home/user/pico_go_project/ros2_ws/src/robots_control/build/robots_control/build --no-deps symlink_data
[0.950s] running develop
[1.141s] running egg_info
[1.141s] creating robots_control.egg-info
[1.142s] writing robots_control.egg-info/PKG-INFO
[1.142s] writing dependency_links to robots_control.egg-info/dependency_links.txt
[1.143s] writing entry points to robots_control.egg-info/entry_points.txt
[1.143s] writing requirements to robots_control.egg-info/requires.txt
[1.143s] writing top-level names to robots_control.egg-info/top_level.txt
[1.144s] writing manifest file 'robots_control.egg-info/SOURCES.txt'
[1.146s] reading manifest file 'robots_control.egg-info/SOURCES.txt'
[1.148s] writing manifest file 'robots_control.egg-info/SOURCES.txt'
[1.150s] running build_ext
[1.150s] Creating /home/user/pico_go_project/ros2_ws/src/robots_control/install/robots_control/lib/python3.10/site-packages/robots-control.egg-link (link to .)
[1.151s] Installing obstacle_monitor = robots_control.obstacle_monitor:mainsend_route script to /home/user/pico_go_project/ros2_ws/src/robots_control/install/robots_control/lib/robots_control
[1.152s] 
[1.152s] Installed /home/user/pico_go_project/ros2_ws/src/robots_control/build/robots_control
[1.152s] running symlink_data
[1.152s] creating /home/user/pico_go_project/ros2_ws/src/robots_control/install/robots_control/share/ament_index
[1.153s] creating /home/user/pico_go_project/ros2_ws/src/robots_control/install/robots_control/share/ament_index/resource_index
[1.153s] creating /home/user/pico_go_project/ros2_ws/src/robots_control/install/robots_control/share/ament_index/resource_index/packages
[1.153s] symbolically linking /home/user/pico_go_project/ros2_ws/src/robots_control/build/robots_control/resource/robots_control -> /home/user/pico_go_project/ros2_ws/src/robots_control/install/robots_control/share/ament_index/resource_index/packages
[1.153s] symbolically linking /home/user/pico_go_project/ros2_ws/src/robots_control/build/robots_control/package.xml -> /home/user/pico_go_project/ros2_ws/src/robots_control/install/robots_control/share/robots_control
[1.195s] Invoked command in '/home/user/pico_go_project/ros2_ws/src/robots_control/build/robots_control' returned '0': PYTHONPATH=/home/user/pico_go_project/ros2_ws/src/robots_control/build/robots_control/prefix_override:/usr/lib/python3/dist-packages/colcon_core/task/python/colcon_distutils_commands:/home/user/pico_go_project/ros2_ws/src/robots_control/install/robots_control/lib/python3.10/site-packages:${PYTHONPATH} /usr/bin/python3 -W ignore:setup.py install is deprecated -W ignore:easy_install command is deprecated setup.py develop --editable --build-directory /home/user/pico_go_project/ros2_ws/src/robots_control/build/robots_control/build --no-deps symlink_data
