[0.583s] Invoking command in '/home/user/pico_go_project/ros2_ws/src/motor_controller': PYTHONPATH=/home/user/pico_go_project/ros2_ws/build/motor_controller/prefix_override:/usr/lib/python3/dist-packages/colcon_core/task/python/colcon_distutils_commands:/home/user/pico_go_project/ros2_ws/install/motor_controller/lib/python3.10/site-packages:${PYTHONPATH} /usr/bin/python3 -W ignore:setup.py install is deprecated -W ignore:easy_install command is deprecated setup.py egg_info --egg-base ../../build/motor_controller build --build-base /home/user/pico_go_project/ros2_ws/build/motor_controller/build install --record /home/user/pico_go_project/ros2_ws/build/motor_controller/install.log --single-version-externally-managed install_data
[0.805s] running egg_info
[0.806s] writing ../../build/motor_controller/motor_controller.egg-info/PKG-INFO
[0.807s] writing dependency_links to ../../build/motor_controller/motor_controller.egg-info/dependency_links.txt
[0.807s] writing entry points to ../../build/motor_controller/motor_controller.egg-info/entry_points.txt
[0.807s] writing requirements to ../../build/motor_controller/motor_controller.egg-info/requires.txt
[0.807s] writing top-level names to ../../build/motor_controller/motor_controller.egg-info/top_level.txt
[0.811s] reading manifest file '../../build/motor_controller/motor_controller.egg-info/SOURCES.txt'
[0.811s] adding license file 'LICENSE'
[0.811s] writing manifest file '../../build/motor_controller/motor_controller.egg-info/SOURCES.txt'
[0.811s] running build
[0.812s] running build_py
[0.812s] running install
[0.812s] running install_lib
[0.814s] running install_data
[0.814s] running install_egg_info
[0.816s] removing '/home/user/pico_go_project/ros2_ws/install/motor_controller/lib/python3.10/site-packages/motor_controller-0.0.0-py3.10.egg-info' (and everything under it)
[0.818s] Copying ../../build/motor_controller/motor_controller.egg-info to /home/user/pico_go_project/ros2_ws/install/motor_controller/lib/python3.10/site-packages/motor_controller-0.0.0-py3.10.egg-info
[0.820s] running install_scripts
[0.840s] Installing motor_controller script to /home/user/pico_go_project/ros2_ws/install/motor_controller/lib/motor_controller
[0.841s] writing list of installed files to '/home/user/pico_go_project/ros2_ws/build/motor_controller/install.log'
[0.861s] Invoked command in '/home/user/pico_go_project/ros2_ws/src/motor_controller' returned '0': PYTHONPATH=/home/user/pico_go_project/ros2_ws/build/motor_controller/prefix_override:/usr/lib/python3/dist-packages/colcon_core/task/python/colcon_distutils_commands:/home/user/pico_go_project/ros2_ws/install/motor_controller/lib/python3.10/site-packages:${PYTHONPATH} /usr/bin/python3 -W ignore:setup.py install is deprecated -W ignore:easy_install command is deprecated setup.py egg_info --egg-base ../../build/motor_controller build --build-base /home/user/pico_go_project/ros2_ws/build/motor_controller/build install --record /home/user/pico_go_project/ros2_ws/build/motor_controller/install.log --single-version-externally-managed install_data
