running develop
Removing /home/user/pico_go_project/ros2_ws/install/robots_control/lib/python3.10/site-packages/robots-control.egg-link (link to .)
running egg_info
writing ../../build/robots_control/robots_control.egg-info/PKG-INFO
writing dependency_links to ../../build/robots_control/robots_control.egg-info/dependency_links.txt
writing entry points to ../../build/robots_control/robots_control.egg-info/entry_points.txt
writing requirements to ../../build/robots_control/robots_control.egg-info/requires.txt
writing top-level names to ../../build/robots_control/robots_control.egg-info/top_level.txt
reading manifest file '../../build/robots_control/robots_control.egg-info/SOURCES.txt'
writing manifest file '../../build/robots_control/robots_control.egg-info/SOURCES.txt'
running build
running build_py
copying robots_control/obstacle_monitor.py -> /home/user/pico_go_project/ros2_ws/build/robots_control/build/lib/robots_control
copying robots_control/send_route.py -> /home/user/pico_go_project/ros2_ws/build/robots_control/build/lib/robots_control
running install
running install_lib
creating /home/user/pico_go_project/ros2_ws/install/robots_control/lib/python3.10/site-packages/robots_control
copying /home/user/pico_go_project/ros2_ws/build/robots_control/build/lib/robots_control/__init__.py -> /home/user/pico_go_project/ros2_ws/install/robots_control/lib/python3.10/site-packages/robots_control
copying /home/user/pico_go_project/ros2_ws/build/robots_control/build/lib/robots_control/obstacle_monitor.py -> /home/user/pico_go_project/ros2_ws/install/robots_control/lib/python3.10/site-packages/robots_control
copying /home/user/pico_go_project/ros2_ws/build/robots_control/build/lib/robots_control/send_route.py -> /home/user/pico_go_project/ros2_ws/install/robots_control/lib/python3.10/site-packages/robots_control
byte-compiling /home/user/pico_go_project/ros2_ws/install/robots_control/lib/python3.10/site-packages/robots_control/__init__.py to __init__.cpython-310.pyc
byte-compiling /home/user/pico_go_project/ros2_ws/install/robots_control/lib/python3.10/site-packages/robots_control/obstacle_monitor.py to obstacle_monitor.cpython-310.pyc
byte-compiling /home/user/pico_go_project/ros2_ws/install/robots_control/lib/python3.10/site-packages/robots_control/send_route.py to send_route.cpython-310.pyc
running install_data
copying resource/robots_control -> /home/user/pico_go_project/ros2_ws/install/robots_control/share/ament_index/resource_index/packages
copying package.xml -> /home/user/pico_go_project/ros2_ws/install/robots_control/share/robots_control
running install_egg_info
Copying ../../build/robots_control/robots_control.egg-info to /home/user/pico_go_project/ros2_ws/install/robots_control/lib/python3.10/site-packages/robots_control-0.0.0-py3.10.egg-info
running install_scripts
Installing obstacle_monitor script to /home/user/pico_go_project/ros2_ws/install/robots_control/lib/robots_control
Installing send_route script to /home/user/pico_go_project/ros2_ws/install/robots_control/lib/robots_control
writing list of installed files to '/home/user/pico_go_project/ros2_ws/build/robots_control/install.log'
