[0.820s] Invoking command in '/home/user/pico_go_project/ros2_ws/build/robots_control': PYTHONPATH=/home/user/pico_go_project/ros2_ws/build/robots_control/prefix_override:/usr/lib/python3/dist-packages/colcon_core/task/python/colcon_distutils_commands:/home/user/pico_go_project/ros2_ws/install/robots_control/lib/python3.10/site-packages:${PYTHONPATH} /usr/bin/python3 -W ignore:setup.py install is deprecated -W ignore:easy_install command is deprecated setup.py develop --uninstall --editable --build-directory /home/user/pico_go_project/ros2_ws/build/robots_control/build
[1.115s] running develop
[1.312s] Removing /home/user/pico_go_project/ros2_ws/install/robots_control/lib/python3.10/site-packages/robots-control.egg-link (link to .)
[1.346s] Invoked command in '/home/user/pico_go_project/ros2_ws/build/robots_control' returned '0': PYTHONPATH=/home/user/pico_go_project/ros2_ws/build/robots_control/prefix_override:/usr/lib/python3/dist-packages/colcon_core/task/python/colcon_distutils_commands:/home/user/pico_go_project/ros2_ws/install/robots_control/lib/python3.10/site-packages:${PYTHONPATH} /usr/bin/python3 -W ignore:setup.py install is deprecated -W ignore:easy_install command is deprecated setup.py develop --uninstall --editable --build-directory /home/user/pico_go_project/ros2_ws/build/robots_control/build
[1.349s] Invoking command in '/home/user/pico_go_project/ros2_ws/src/robots_control': PYTHONPATH=/home/user/pico_go_project/ros2_ws/build/robots_control/prefix_override:/usr/lib/python3/dist-packages/colcon_core/task/python/colcon_distutils_commands:/home/user/pico_go_project/ros2_ws/install/robots_control/lib/python3.10/site-packages:${PYTHONPATH} /usr/bin/python3 -W ignore:setup.py install is deprecated -W ignore:easy_install command is deprecated setup.py egg_info --egg-base ../../build/robots_control build --build-base /home/user/pico_go_project/ros2_ws/build/robots_control/build install --record /home/user/pico_go_project/ros2_ws/build/robots_control/install.log --single-version-externally-managed install_data --force
[1.603s] running egg_info
[1.604s] writing ../../build/robots_control/robots_control.egg-info/PKG-INFO
[1.605s] writing dependency_links to ../../build/robots_control/robots_control.egg-info/dependency_links.txt
[1.605s] writing entry points to ../../build/robots_control/robots_control.egg-info/entry_points.txt
[1.606s] writing requirements to ../../build/robots_control/robots_control.egg-info/requires.txt
[1.606s] writing top-level names to ../../build/robots_control/robots_control.egg-info/top_level.txt
[1.608s] reading manifest file '../../build/robots_control/robots_control.egg-info/SOURCES.txt'
[1.610s] writing manifest file '../../build/robots_control/robots_control.egg-info/SOURCES.txt'
[1.610s] running build
[1.610s] running build_py
[1.610s] copying robots_control/obstacle_monitor.py -> /home/user/pico_go_project/ros2_ws/build/robots_control/build/lib/robots_control
[1.610s] copying robots_control/send_route.py -> /home/user/pico_go_project/ros2_ws/build/robots_control/build/lib/robots_control
[1.610s] running install
[1.611s] running install_lib
[1.612s] creating /home/user/pico_go_project/ros2_ws/install/robots_control/lib/python3.10/site-packages/robots_control
[1.612s] copying /home/user/pico_go_project/ros2_ws/build/robots_control/build/lib/robots_control/__init__.py -> /home/user/pico_go_project/ros2_ws/install/robots_control/lib/python3.10/site-packages/robots_control
[1.612s] copying /home/user/pico_go_project/ros2_ws/build/robots_control/build/lib/robots_control/obstacle_monitor.py -> /home/user/pico_go_project/ros2_ws/install/robots_control/lib/python3.10/site-packages/robots_control
[1.614s] copying /home/user/pico_go_project/ros2_ws/build/robots_control/build/lib/robots_control/send_route.py -> /home/user/pico_go_project/ros2_ws/install/robots_control/lib/python3.10/site-packages/robots_control
[1.614s] byte-compiling /home/user/pico_go_project/ros2_ws/install/robots_control/lib/python3.10/site-packages/robots_control/__init__.py to __init__.cpython-310.pyc
[1.615s] byte-compiling /home/user/pico_go_project/ros2_ws/install/robots_control/lib/python3.10/site-packages/robots_control/obstacle_monitor.py to obstacle_monitor.cpython-310.pyc
[1.615s] byte-compiling /home/user/pico_go_project/ros2_ws/install/robots_control/lib/python3.10/site-packages/robots_control/send_route.py to send_route.cpython-310.pyc
[1.615s] running install_data
[1.616s] copying resource/robots_control -> /home/user/pico_go_project/ros2_ws/install/robots_control/share/ament_index/resource_index/packages
[1.616s] copying package.xml -> /home/user/pico_go_project/ros2_ws/install/robots_control/share/robots_control
[1.616s] running install_egg_info
[1.618s] Copying ../../build/robots_control/robots_control.egg-info to /home/user/pico_go_project/ros2_ws/install/robots_control/lib/python3.10/site-packages/robots_control-0.0.0-py3.10.egg-info
[1.619s] running install_scripts
[1.648s] Installing obstacle_monitor script to /home/user/pico_go_project/ros2_ws/install/robots_control/lib/robots_control
[1.648s] Installing send_route script to /home/user/pico_go_project/ros2_ws/install/robots_control/lib/robots_control
[1.649s] writing list of installed files to '/home/user/pico_go_project/ros2_ws/build/robots_control/install.log'
[1.672s] Invoked command in '/home/user/pico_go_project/ros2_ws/src/robots_control' returned '0': PYTHONPATH=/home/user/pico_go_project/ros2_ws/build/robots_control/prefix_override:/usr/lib/python3/dist-packages/colcon_core/task/python/colcon_distutils_commands:/home/user/pico_go_project/ros2_ws/install/robots_control/lib/python3.10/site-packages:${PYTHONPATH} /usr/bin/python3 -W ignore:setup.py install is deprecated -W ignore:easy_install command is deprecated setup.py egg_info --egg-base ../../build/robots_control build --build-base /home/user/pico_go_project/ros2_ws/build/robots_control/build install --record /home/user/pico_go_project/ros2_ws/build/robots_control/install.log --single-version-externally-managed install_data --force
