[0.771s] Invoking command in '/home/user/pico_go_project/ros2_ws/src/robots_control': PYTHONPATH=/home/user/pico_go_project/ros2_ws/build/robots_control/prefix_override:/usr/lib/python3/dist-packages/colcon_core/task/python/colcon_distutils_commands:/home/user/pico_go_project/ros2_ws/install/robots_control/lib/python3.10/site-packages:${PYTHONPATH} /usr/bin/python3 -W ignore:setup.py install is deprecated -W ignore:easy_install command is deprecated setup.py egg_info --egg-base ../../build/robots_control build --build-base /home/user/pico_go_project/ros2_ws/build/robots_control/build install --record /home/user/pico_go_project/ros2_ws/build/robots_control/install.log --single-version-externally-managed install_data
[1.056s] running egg_info
[1.057s] writing ../../build/robots_control/robots_control.egg-info/PKG-INFO
[1.058s] writing dependency_links to ../../build/robots_control/robots_control.egg-info/dependency_links.txt
[1.058s] writing entry points to ../../build/robots_control/robots_control.egg-info/entry_points.txt
[1.059s] writing requirements to ../../build/robots_control/robots_control.egg-info/requires.txt
[1.059s] writing top-level names to ../../build/robots_control/robots_control.egg-info/top_level.txt
[1.061s] reading manifest file '../../build/robots_control/robots_control.egg-info/SOURCES.txt'
[1.062s] writing manifest file '../../build/robots_control/robots_control.egg-info/SOURCES.txt'
[1.063s] running build
[1.063s] running build_py
[1.063s] copying robots_control/obstacle_monitor.py -> /home/user/pico_go_project/ros2_ws/build/robots_control/build/lib/robots_control
[1.064s] running install
[1.065s] running install_lib
[1.065s] copying /home/user/pico_go_project/ros2_ws/build/robots_control/build/lib/robots_control/obstacle_monitor.py -> /home/user/pico_go_project/ros2_ws/install/robots_control/lib/python3.10/site-packages/robots_control
[1.066s] byte-compiling /home/user/pico_go_project/ros2_ws/install/robots_control/lib/python3.10/site-packages/robots_control/obstacle_monitor.py to obstacle_monitor.cpython-310.pyc
[1.067s] running install_data
[1.068s] running install_egg_info
[1.071s] removing '/home/user/pico_go_project/ros2_ws/install/robots_control/lib/python3.10/site-packages/robots_control-0.0.0-py3.10.egg-info' (and everything under it)
[1.072s] Copying ../../build/robots_control/robots_control.egg-info to /home/user/pico_go_project/ros2_ws/install/robots_control/lib/python3.10/site-packages/robots_control-0.0.0-py3.10.egg-info
[1.072s] running install_scripts
[1.095s] Installing obstacle_monitor script to /home/user/pico_go_project/ros2_ws/install/robots_control/lib/robots_control
[1.095s] writing list of installed files to '/home/user/pico_go_project/ros2_ws/build/robots_control/install.log'
[1.119s] Invoked command in '/home/user/pico_go_project/ros2_ws/src/robots_control' returned '0': PYTHONPATH=/home/user/pico_go_project/ros2_ws/build/robots_control/prefix_override:/usr/lib/python3/dist-packages/colcon_core/task/python/colcon_distutils_commands:/home/user/pico_go_project/ros2_ws/install/robots_control/lib/python3.10/site-packages:${PYTHONPATH} /usr/bin/python3 -W ignore:setup.py install is deprecated -W ignore:easy_install command is deprecated setup.py egg_info --egg-base ../../build/robots_control build --build-base /home/user/pico_go_project/ros2_ws/build/robots_control/build install --record /home/user/pico_go_project/ros2_ws/build/robots_control/install.log --single-version-externally-managed install_data
